<?xml version="1.0" encoding="UTF-8"?>
<testsuite xmlns:xsi="http://www.w3.org/2001/XMLSchema-instance" xsi:noNamespaceSchemaLocation="https://maven.apache.org/surefire/maven-surefire-plugin/xsd/surefire-test-report.xsd" name="auction.dataaccess.AuctionDAOTest" time="0.193" tests="4" errors="0" skipped="0" failures="4">
  <properties>
[...]
</properties>
  <testcase name="testSave" classname="auction.dataaccess.AuctionDAOTest" time="0.055">
    <failure message="Save Failed" type="java.lang.AssertionError">java.lang.AssertionError: Save Failed
	at auction.dataaccess.AuctionDAOTest.testSave(AuctionDAOTest.java:25)
</failure>
    <system-err><![CDATA[May 25, 2020 6:04:59 PM org.postgresql.Driver parseURL
WARNING: JDBC URL invalid port number: null
May 25, 2020 6:04:59 PM org.postgresql.Driver parseURL
WARNING: JDBC URL invalid port number: null
java.sql.SQLException: No suitable driver found for jdbc:postgresql://null:null/null
	at java.sql.DriverManager.getConnection(DriverManager.java:689)
	at java.sql.DriverManager.getConnection(DriverManager.java:247)
	at auction.dataaccess.PostGresConnectionUtil.getConnection(PostGresConnectionUtil.java:33)
	at auction.dataaccess.AuctionDAO.save(AuctionDAO.java:25)
	at auction.dataaccess.AuctionDAOTest.testSave(AuctionDAOTest.java:24)
	at sun.reflect.NativeMethodAccessorImpl.invoke0(Native Method)
	at sun.reflect.NativeMethodAccessorImpl.invoke(NativeMethodAccessorImpl.java:62)
	at sun.reflect.DelegatingMethodAccessorImpl.invoke(DelegatingMethodAccessorImpl.java:43)
	at java.lang.reflect.Method.invoke(Method.java:498)
	at junit.framework.TestCase.runTest(TestCase.java:176)
	at junit.framework.TestCase.runBare(TestCase.java:141)
	at junit.framework.TestResult$1.protect(TestResult.java:122)
	at junit.framework.TestResult.runProtected(TestResult.java:142)
	at junit.framework.TestResult.run(TestResult.java:125)
	at junit.framework.TestCase.run(TestCase.java:129)
	at junit.framework.TestSuite.runTest(TestSuite.java:255)
	at junit.framework.TestSuite.run(TestSuite.java:250)
	at org.junit.internal.runners.JUnit38ClassRunner.run(JUnit38ClassRunner.java:84)
	at org.apache.maven.surefire.junit4.JUnit4Provider.execute(JUnit4Provider.java:365)
	at org.apache.maven.surefire.junit4.JUnit4Provider.executeWithRerun(JUnit4Provider.java:273)
	at org.apache.maven.surefire.junit4.JUnit4Provider.executeTestSet(JUnit4Provider.java:238)
	at org.apache.maven.surefire.junit4.JUnit4Provider.invoke(JUnit4Provider.java:159)
	at org.apache.maven.surefire.booter.ForkedBooter.invokeProviderInSameClassLoader(ForkedBooter.java:384)
	at org.apache.maven.surefire.booter.ForkedBooter.runSuitesInProcess(ForkedBooter.java:345)
	at org.apache.maven.surefire.booter.ForkedBooter.execute(ForkedBooter.java:126)
	at org.apache.maven.surefire.booter.ForkedBooter.main(ForkedBooter.java:418)
]]></system-err>
  </testcase>
  <testcase name="testRetrieveAll" classname="auction.dataaccess.AuctionDAOTest" time="0.023">
    <failure message="Retrieval Failed" type="java.lang.AssertionError">java.lang.AssertionError: Retrieval Failed
	at auction.dataaccess.AuctionDAOTest.testRetrieveAll(AuctionDAOTest.java:64)
</failure>
    <system-err><![CDATA[May 25, 2020 6:04:59 PM org.postgresql.Driver parseURL
WARNING: JDBC URL invalid port number: null
May 25, 2020 6:04:59 PM org.postgresql.Driver parseURL
WARNING: JDBC URL invalid port number: null
java.sql.SQLException: No suitable driver found for jdbc:postgresql://null:null/null
	at java.sql.DriverManager.getConnection(DriverManager.java:689)
	at java.sql.DriverManager.getConnection(DriverManager.java:247)
	at auction.dataaccess.PostGresConnectionUtil.getConnection(PostGresConnectionUtil.java:33)
	at auction.dataaccess.AuctionDAO.retrieveAll(AuctionDAO.java:50)
	at auction.dataaccess.AuctionDAOTest.testRetrieveAll(AuctionDAOTest.java:59)
	at sun.reflect.NativeMethodAccessorImpl.invoke0(Native Method)
	at sun.reflect.NativeMethodAccessorImpl.invoke(NativeMethodAccessorImpl.java:62)
	at sun.reflect.DelegatingMethodAccessorImpl.invoke(DelegatingMethodAccessorImpl.java:43)
	at java.lang.reflect.Method.invoke(Method.java:498)
	at junit.framework.TestCase.runTest(TestCase.java:176)
	at junit.framework.TestCase.runBare(TestCase.java:141)
	at junit.framework.TestResult$1.protect(TestResult.java:122)
	at junit.framework.TestResult.runProtected(TestResult.java:142)
	at junit.framework.TestResult.run(TestResult.java:125)
	at junit.framework.TestCase.run(TestCase.java:129)
	at junit.framework.TestSuite.runTest(TestSuite.java:255)
	at junit.framework.TestSuite.run(TestSuite.java:250)
	at org.junit.internal.runners.JUnit38ClassRunner.run(JUnit38ClassRunner.java:84)
	at org.apache.maven.surefire.junit4.JUnit4Provider.execute(JUnit4Provider.java:365)
	at org.apache.maven.surefire.junit4.JUnit4Provider.executeWithRerun(JUnit4Provider.java:273)
	at org.apache.maven.surefire.junit4.JUnit4Provider.executeTestSet(JUnit4Provider.java:238)
	at org.apache.maven.surefire.junit4.JUnit4Provider.invoke(JUnit4Provider.java:159)
	at org.apache.maven.surefire.booter.ForkedBooter.invokeProviderInSameClassLoader(ForkedBooter.java:384)
	at org.apache.maven.surefire.booter.ForkedBooter.runSuitesInProcess(ForkedBooter.java:345)
	at org.apache.maven.surefire.booter.ForkedBooter.execute(ForkedBooter.java:126)
	at org.apache.maven.surefire.booter.ForkedBooter.main(ForkedBooter.java:418)
]]></system-err>
  </testcase>
  <testcase name="testRetrieveByID" classname="auction.dataaccess.AuctionDAOTest" time="0.023">
    <failure message="Didn&apos;t return correct auction data expected:&lt;Auction{auctionID=18, itemID=1, sellerID=12, endDate=2020-12-25T12:00, startingPrice=20.00, reservePrice=30.00}&gt; but was:&lt;null&gt;" type="java.lang.AssertionError"><![CDATA[java.lang.AssertionError: Didn't return correct auction data expected:<Auction{auctionID=18, itemID=1, sellerID=12, endDate=2020-12-25T12:00, startingPrice=20.00, reservePrice=30.00}> but was:<null>
	at auction.dataaccess.AuctionDAOTest.testRetrieveByID(AuctionDAOTest.java:54)
]]></failure>
    <system-err><![CDATA[May 25, 2020 6:04:59 PM org.postgresql.Driver parseURL
WARNING: JDBC URL invalid port number: null
May 25, 2020 6:04:59 PM org.postgresql.Driver parseURL
WARNING: JDBC URL invalid port number: null
java.sql.SQLException: No suitable driver found for jdbc:postgresql://null:null/null
	at java.sql.DriverManager.getConnection(DriverManager.java:689)
	at java.sql.DriverManager.getConnection(DriverManager.java:247)
	at auction.dataaccess.PostGresConnectionUtil.getConnection(PostGresConnectionUtil.java:33)
	at auction.dataaccess.AuctionDAO.retrieveByID(AuctionDAO.java:78)
	at auction.dataaccess.AuctionDAOTest.testRetrieveByID(AuctionDAOTest.java:50)
	at sun.reflect.NativeMethodAccessorImpl.invoke0(Native Method)
	at sun.reflect.NativeMethodAccessorImpl.invoke(NativeMethodAccessorImpl.java:62)
	at sun.reflect.DelegatingMethodAccessorImpl.invoke(DelegatingMethodAccessorImpl.java:43)
	at java.lang.reflect.Method.invoke(Method.java:498)
	at junit.framework.TestCase.runTest(TestCase.java:176)
	at junit.framework.TestCase.runBare(TestCase.java:141)
	at junit.framework.TestResult$1.protect(TestResult.java:122)
	at junit.framework.TestResult.runProtected(TestResult.java:142)
	at junit.framework.TestResult.run(TestResult.java:125)
	at junit.framework.TestCase.run(TestCase.java:129)
	at junit.framework.TestSuite.runTest(TestSuite.java:255)
	at junit.framework.TestSuite.run(TestSuite.java:250)
	at org.junit.internal.runners.JUnit38ClassRunner.run(JUnit38ClassRunner.java:84)
	at org.apache.maven.surefire.junit4.JUnit4Provider.execute(JUnit4Provider.java:365)
	at org.apache.maven.surefire.junit4.JUnit4Provider.executeWithRerun(JUnit4Provider.java:273)
	at org.apache.maven.surefire.junit4.JUnit4Provider.executeTestSet(JUnit4Provider.java:238)
	at org.apache.maven.surefire.junit4.JUnit4Provider.invoke(JUnit4Provider.java:159)
	at org.apache.maven.surefire.booter.ForkedBooter.invokeProviderInSameClassLoader(ForkedBooter.java:384)
	at org.apache.maven.surefire.booter.ForkedBooter.runSuitesInProcess(ForkedBooter.java:345)
	at org.apache.maven.surefire.booter.ForkedBooter.execute(ForkedBooter.java:126)
	at org.apache.maven.surefire.booter.ForkedBooter.main(ForkedBooter.java:418)
]]></system-err>
  </testcase>
  <testcase name="testUpdate" classname="auction.dataaccess.AuctionDAOTest" time="0.017">
    <failure message="Couldn&apos;t retrieve auction" type="java.lang.AssertionError">java.lang.AssertionError: Couldn't retrieve auction
	at auction.dataaccess.AuctionDAOTest.testUpdate(AuctionDAOTest.java:37)
</failure>
    <system-err><![CDATA[May 25, 2020 6:04:59 PM org.postgresql.Driver parseURL
WARNING: JDBC URL invalid port number: null
May 25, 2020 6:04:59 PM org.postgresql.Driver parseURL
WARNING: JDBC URL invalid port number: null
java.sql.SQLException: No suitable driver found for jdbc:postgresql://null:null/null
	at java.sql.DriverManager.getConnection(DriverManager.java:689)
	at java.sql.DriverManager.getConnection(DriverManager.java:247)
	at auction.dataaccess.PostGresConnectionUtil.getConnection(PostGresConnectionUtil.java:33)
	at auction.dataaccess.AuctionDAO.retrieveByID(AuctionDAO.java:78)
	at auction.dataaccess.AuctionDAOTest.testUpdate(AuctionDAOTest.java:36)
	at sun.reflect.NativeMethodAccessorImpl.invoke0(Native Method)
	at sun.reflect.NativeMethodAccessorImpl.invoke(NativeMethodAccessorImpl.java:62)
	at sun.reflect.DelegatingMethodAccessorImpl.invoke(DelegatingMethodAccessorImpl.java:43)
	at java.lang.reflect.Method.invoke(Method.java:498)
	at junit.framework.TestCase.runTest(TestCase.java:176)
	at junit.framework.TestCase.runBare(TestCase.java:141)
	at junit.framework.TestResult$1.protect(TestResult.java:122)
	at junit.framework.TestResult.runProtected(TestResult.java:142)
	at junit.framework.TestResult.run(TestResult.java:125)
	at junit.framework.TestCase.run(TestCase.java:129)
	at junit.framework.TestSuite.runTest(TestSuite.java:255)
	at junit.framework.TestSuite.run(TestSuite.java:250)
	at org.junit.internal.runners.JUnit38ClassRunner.run(JUnit38ClassRunner.java:84)
	at org.apache.maven.surefire.junit4.JUnit4Provider.execute(JUnit4Provider.java:365)
	at org.apache.maven.surefire.junit4.JUnit4Provider.executeWithRerun(JUnit4Provider.java:273)
	at org.apache.maven.surefire.junit4.JUnit4Provider.executeTestSet(JUnit4Provider.java:238)
	at org.apache.maven.surefire.junit4.JUnit4Provider.invoke(JUnit4Provider.java:159)
	at org.apache.maven.surefire.booter.ForkedBooter.invokeProviderInSameClassLoader(ForkedBooter.java:384)
	at org.apache.maven.surefire.booter.ForkedBooter.runSuitesInProcess(ForkedBooter.java:345)
	at org.apache.maven.surefire.booter.ForkedBooter.execute(ForkedBooter.java:126)
	at org.apache.maven.surefire.booter.ForkedBooter.main(ForkedBooter.java:418)
]]></system-err>
  </testcase>
</testsuite>