<?xml version="1.0" encoding="UTF-8"?>
<testsuite xmlns:xsi="http://www.w3.org/2001/XMLSchema-instance" xsi:noNamespaceSchemaLocation="https://maven.apache.org/surefire/maven-surefire-plugin/xsd/surefire-test-report.xsd" name="PetTest" time="0.676" tests="15" errors="0" skipped="0" failures="0">
  <properties>
[...]
</properties>
  <testcase name="testCatCreation" classname="PetTest" time="0.561"/>
  <testcase name="testPetListWrapperCreation" classname="PetTest" time="0"/>
  <testcase name="shouldReturnSamePetAfterSearching1" classname="PetTest" time="0.009"/>
  <testcase name="testPetListWrapperToString" classname="PetTest" time="0.001"/>
  <testcase name="testDogCreation" classname="PetTest" time="0.001"/>
  <testcase name="shouldReturnSamePetListAfterRemoving1" classname="PetTest" time="0.006"/>
  <testcase name="testPetPrintBaseInfo1" classname="PetTest" time="0"/>
  <testcase name="testForRecognizingPetType1" classname="PetTest" time="0"/>
  <testcase name="testForRecognizingPetType2" classname="PetTest" time="0.001"/>
  <testcase name="testPetSubclassPrintInfo1" classname="PetTest" time="0.001"/>
  <testcase name="testPetSubclassPrintInfo2" classname="PetTest" time="0.001"/>
  <testcase name="shouldReturnSamePetList" classname="PetTest" time="0.001"/>
  <testcase name="shouldReturnSamePetListAfterUpdating1" classname="PetTest" time="0.005"/>
  <testcase name="shouldReturnSamePetListAfterAdding1" classname="PetTest" time="0"/>
  <testcase name="shouldReturnSamePetListAfterAdding2" classname="PetTest" time="0"/>
</testsuite>