<?xml version="1.0" encoding="UTF-8"?>
<testsuite xmlns:xsi="http://www.w3.org/2001/XMLSchema-instance" xsi:noNamespaceSchemaLocation="https://maven.apache.org/surefire/maven-surefire-plugin/xsd/surefire-test-report.xsd" name="AttractionTests" time="1.234" tests="5" errors="0" skipped="0" failures="0">
  <properties>
[...]
</properties>
  <testcase name="testFindAll" classname="AttractionTests" time="0.801"/>
  <testcase name="testAttractionCreationGetters" classname="AttractionTests" time="0.065"/>
  <testcase name="testSave" classname="AttractionTests" time="0.015"/>
  <testcase name="testFindById" classname="AttractionTests" time="0.023"/>
  <testcase name="testAttractionCreationSetters" classname="AttractionTests" time="0.051"/>
</testsuite>