<?xml version="1.0" encoding="UTF-8"?>
<testsuite xmlns:xsi="http://www.w3.org/2001/XMLSchema-instance" xsi:noNamespaceSchemaLocation="https://maven.apache.org/surefire/maven-surefire-plugin/xsd/surefire-test-report.xsd" name="AccountTest" time="11.674" tests="5" errors="0" skipped="0" failures="0">
  <properties>
[...]
</properties>
  <testcase name="accountDelete" classname="AccountTest" time="4.622"/>
  <testcase name="findAllAccount" classname="AccountTest" time="0.94"/>
  <testcase name="accountUpdate" classname="AccountTest" time="1.906"/>
  <testcase name="accountSave" classname="AccountTest" time="2.033"/>
  <testcase name="accountTransfer" classname="AccountTest" time="2.015"/>
</testsuite>